Determining if the pthread_create exist failed with the following output:
Change Dir: /home/nvd/Documents/CUDA/CudaCourse/cmake-build-debug/CMakeFiles/CMakeTmp

Run Build Command:"/usr/bin/make" "cmTC_3925a/fast"
/usr/bin/make -f CMakeFiles/cmTC_3925a.dir/build.make CMakeFiles/cmTC_3925a.dir/build
make[1]: Entering directory '/home/nvd/Documents/CUDA/CudaCourse/cmake-build-debug/CMakeFiles/CMakeTmp'
Building C object CMakeFiles/cmTC_3925a.dir/CheckSymbolExists.c.o
/usr/bin/cc   -fPIC    -o CMakeFiles/cmTC_3925a.dir/CheckSymbolExists.c.o   -c /home/nvd/Documents/CUDA/CudaCourse/cmake-build-debug/CMakeFiles/CMakeTmp/CheckSymbolExists.c
Linking C executable cmTC_3925a
/home/nvd/Documents/Installers/clion-2018.3.3/bin/cmake/linux/bin/cmake -E cmake_link_script CMakeFiles/cmTC_3925a.dir/link.txt --verbose=1
/usr/bin/cc -fPIC     -rdynamic CMakeFiles/cmTC_3925a.dir/CheckSymbolExists.c.o  -o cmTC_3925a 
CMakeFiles/cmTC_3925a.dir/CheckSymbolExists.c.o: In function `main':
CheckSymbolExists.c:(.text+0x1b): undefined reference to `pthread_create'
collect2: error: ld returned 1 exit status
CMakeFiles/cmTC_3925a.dir/build.make:86: recipe for target 'cmTC_3925a' failed
make[1]: *** [cmTC_3925a] Error 1
make[1]: Leaving directory '/home/nvd/Documents/CUDA/CudaCourse/cmake-build-debug/CMakeFiles/CMakeTmp'
Makefile:121: recipe for target 'cmTC_3925a/fast' failed
make: *** [cmTC_3925a/fast] Error 2

File /home/nvd/Documents/CUDA/CudaCourse/cmake-build-debug/CMakeFiles/CMakeTmp/CheckSymbolExists.c:
/* */
#include <pthread.h>

int main(int argc, char** argv)
{
  (void)argv;
#ifndef pthread_create
  return ((int*)(&pthread_create))[argc];
#else
  (void)argc;
  return 0;
#endif
}

Determining if the function pthread_create exists in the pthreads failed with the following output:
Change Dir: /home/nvd/Documents/CUDA/CudaCourse/cmake-build-debug/CMakeFiles/CMakeTmp

Run Build Command:"/usr/bin/make" "cmTC_aa155/fast"
/usr/bin/make -f CMakeFiles/cmTC_aa155.dir/build.make CMakeFiles/cmTC_aa155.dir/build
make[1]: Entering directory '/home/nvd/Documents/CUDA/CudaCourse/cmake-build-debug/CMakeFiles/CMakeTmp'
Building C object CMakeFiles/cmTC_aa155.dir/CheckFunctionExists.c.o
/usr/bin/cc   -fPIC -DCHECK_FUNCTION_EXISTS=pthread_create   -o CMakeFiles/cmTC_aa155.dir/CheckFunctionExists.c.o   -c /home/nvd/Documents/Installers/clion-2018.3.3/bin/cmake/linux/share/cmake-3.13/Modules/CheckFunctionExists.c
Linking C executable cmTC_aa155
/home/nvd/Documents/Installers/clion-2018.3.3/bin/cmake/linux/bin/cmake -E cmake_link_script CMakeFiles/cmTC_aa155.dir/link.txt --verbose=1
/usr/bin/cc -fPIC -DCHECK_FUNCTION_EXISTS=pthread_create    -rdynamic CMakeFiles/cmTC_aa155.dir/CheckFunctionExists.c.o  -o cmTC_aa155 -lpthreads 
/usr/bin/ld: cannot find -lpthreads
collect2: error: ld returned 1 exit status
CMakeFiles/cmTC_aa155.dir/build.make:86: recipe for target 'cmTC_aa155' failed
make[1]: *** [cmTC_aa155] Error 1
make[1]: Leaving directory '/home/nvd/Documents/CUDA/CudaCourse/cmake-build-debug/CMakeFiles/CMakeTmp'
Makefile:121: recipe for target 'cmTC_aa155/fast' failed
make: *** [cmTC_aa155/fast] Error 2


